<?xml version="1.0" encoding="UTF-8"?>
<testsuite xmlns:xsi="http://www.w3.org/2001/XMLSchema-instance" xsi:noNamespaceSchemaLocation="https://maven.apache.org/surefire/maven-surefire-plugin/xsd/surefire-test-report-3.0.xsd" version="3.0" name="Tests.EntrataTests" time="12.021" tests="4" errors="0" skipped="0" failures="0">
  <properties>
[...]
</properties>
  <testcase name="cookieaccept" classname="Tests.EntrataTests" time="0.628">
    <system-out><![CDATA[test case 2 passed.
Screenshot saved at: C:\entrata-automation\entrata-automation\entrata-automation\src\screenshots\screenshot_20241006_003842.png
]]></system-out>
    <system-err><![CDATA[SLF4J: Failed to load class "org.slf4j.impl.StaticLoggerBinder".
SLF4J: Defaulting to no-operation (NOP) logger implementation
SLF4J: See http://www.slf4j.org/codes.html#StaticLoggerBinder for further details.
Starting Microsoft Edge WebDriver 129.0.2792.79 (47754e458450411c045b7aee51048979b28924b2) on port 25031
To submit feedback, report a bug, or suggest new features, please visit https://github.com/MicrosoftEdge/EdgeWebDriver

Only local connections are allowed.
Please see https://aka.ms/WebDriverSecurity for suggestions on keeping Microsoft Edge WebDriver safe.

Microsoft Edge WebDriver was started successfully.
msedgedriver was started successfully on port 25031.
[1728155316.958][WARNING]: Deprecated Microsoft Edge option is ignored: useAutomationExtension
[1728155316.958][WARNING]: Deprecated Microsoft Edge option is ignored: useAutomationExtension
Oct 06, 2024 12:38:38 AM org.openqa.selenium.devtools.CdpVersionFinder findNearestMatch
WARNING: Unable to find CDP implementation matching 129
Oct 06, 2024 12:38:38 AM org.openqa.selenium.chromium.ChromiumDriver lambda$new$3
WARNING: Unable to find version of CDP to use for . You may need to include a dependency on a specific version of the CDP using something similar to `org.seleniumhq.selenium:selenium-devtools-v86:4.8.0` where the version ("v86") matches the version of the chromium-based browser you're using and the version number of the artifact is the same as Selenium's.
]]></system-err>
  </testcase>
  <testcase name="testHomePageTitle" classname="Tests.EntrataTests" time="0.362">
    <system-out><![CDATA[Page title is: Property Management Software | Entrata
test case 1 passed.
Screenshot saved at: C:\entrata-automation\entrata-automation\entrata-automation\src\screenshots\screenshot_20241006_003842.png
]]></system-out>
  </testcase>
  <testcase name="testLoginButtonPresent" classname="Tests.EntrataTests" time="0.375">
    <system-out><![CDATA[test case 4 passed.
Screenshot saved at: C:\entrata-automation\entrata-automation\entrata-automation\src\screenshots\screenshot_20241006_003842.png
]]></system-out>
  </testcase>
  <testcase name="testNavigationToProducts" classname="Tests.EntrataTests" time="1.143">
    <system-out><![CDATA[An unexpected error occurred: element click intercepted: Element <div class="dropdown-menu-text---brix">...</div> is not clickable at point (414, 49). Other element would receive the click: <div class="dropdown-menu-text---brix">...</div>
  (Session info: MicrosoftEdge=129.0.2792.79)
Build info: version: '4.8.0', revision: '267030adea'
System info: os.name: 'Windows 11', os.arch: 'amd64', os.version: '10.0', java.version: '23'
Driver info: org.openqa.selenium.edge.EdgeDriver
Command: [d18c00b50fd289726631269dad334600, clickElement {id=f.25C3C63E79696D58343A3645448B772C.d.B9072B0B938446D95B1E49E75608005B.e.75}]
Capabilities {acceptInsecureCerts: false, browserName: MicrosoftEdge, browserVersion: 129.0.2792.79, fedcm:accounts: true, ms:edgeOptions: {debuggerAddress: localhost:64995}, msedge: {msedgedriverVersion: 129.0.2792.79 (47754e458450..., userDataDir: C:\Users\Shritej\AppData\Lo...}, networkConnectionEnabled: false, pageLoadStrategy: normal, platformName: WINDOWS, proxy: Proxy(), se:cdp: ws://localhost:64995/devtoo..., se:cdpVersion: 129.0.2792.79, setWindowRect: true, strictFileInteractability: false, timeouts: {implicit: 0, pageLoad: 300000, script: 30000}, unhandledPromptBehavior: dismiss and notify, webauthn:extension:credBlob: true, webauthn:extension:largeBlob: true, webauthn:extension:minPinLength: true, webauthn:extension:prf: true, webauthn:virtualAuthenticators: true}
Element: [[EdgeDriver: MicrosoftEdge on WINDOWS (d18c00b50fd289726631269dad334600)] -> xpath: //div[contains(text(),'Products')]]
Session ID: d18c00b50fd289726631269dad334600
]]></system-out>
  </testcase>
</testsuite>