<?xml version="1.0" encoding="UTF-8"?>
<testng-results ignored="0" total="4" passed="4" failed="0" skipped="0">
  <reporter-output>
  </reporter-output>
  <suite started-at="2024-10-06T00:38:33 IST" name="Surefire suite" finished-at="2024-10-06T00:38:44 IST" duration-ms="10934">
    <groups>
    </groups>
    <test started-at="2024-10-06T00:38:33 IST" name="Surefire test" finished-at="2024-10-06T00:38:44 IST" duration-ms="10934">
      <class name="Tests.EntrataTests">
        <test-method is-config="true" signature="setUp()[pri:0, instance:Tests.EntrataTests@15c43bd9]" started-at="2024-10-06T00:38:33 IST" name="setUp" finished-at="2024-10-06T00:38:41 IST" duration-ms="8007" status="PASS">
          <reporter-output>
          </reporter-output>
        </test-method> <!-- setUp -->
        <test-method signature="cookieaccept()[pri:0, instance:Tests.EntrataTests@15c43bd9]" started-at="2024-10-06T00:38:41 IST" name="cookieaccept" finished-at="2024-10-06T00:38:42 IST" duration-ms="628" status="PASS">
          <reporter-output>
          </reporter-output>
        </test-method> <!-- cookieaccept -->
        <test-method signature="testHomePageTitle()[pri:0, instance:Tests.EntrataTests@15c43bd9]" started-at="2024-10-06T00:38:42 IST" name="testHomePageTitle" finished-at="2024-10-06T00:38:42 IST" duration-ms="367" status="PASS">
          <reporter-output>
          </reporter-output>
        </test-method> <!-- testHomePageTitle -->
        <test-method signature="testLoginButtonPresent()[pri:0, instance:Tests.EntrataTests@15c43bd9]" started-at="2024-10-06T00:38:42 IST" name="testLoginButtonPresent" finished-at="2024-10-06T00:38:42 IST" duration-ms="375" status="PASS">
          <reporter-output>
          </reporter-output>
        </test-method> <!-- testLoginButtonPresent -->
        <test-method signature="testNavigationToProducts()[pri:0, instance:Tests.EntrataTests@15c43bd9]" started-at="2024-10-06T00:38:42 IST" name="testNavigationToProducts" finished-at="2024-10-06T00:38:43 IST" duration-ms="1139" status="PASS">
          <reporter-output>
          </reporter-output>
        </test-method> <!-- testNavigationToProducts -->
        <test-method is-config="true" signature="tearDown()[pri:0, instance:Tests.EntrataTests@15c43bd9]" started-at="2024-10-06T00:38:43 IST" name="tearDown" finished-at="2024-10-06T00:38:44 IST" duration-ms="377" status="PASS">
          <reporter-output>
          </reporter-output>
        </test-method> <!-- tearDown -->
      </class> <!-- Tests.EntrataTests -->
    </test> <!-- Surefire test -->
  </suite> <!-- Surefire suite -->
</testng-results>
